c:\users\jessica nahulan\documents\github\fractioncalculator\fraction_1jn8\fraction_1jn8\debug\calculator.pch
c:\users\jessica nahulan\documents\github\fractioncalculator\fraction_1jn8\fraction_1jn8\debug\vc140.pdb
c:\users\jessica nahulan\documents\github\fractioncalculator\fraction_1jn8\fraction_1jn8\debug\stdafx.obj
c:\users\jessica nahulan\documents\github\fractioncalculator\fraction_1jn8\fraction_1jn8\debug\assemblyinfo.obj
c:\users\jessica nahulan\documents\github\fractioncalculator\fraction_1jn8\fraction_1jn8\debug\calculator.obj
c:\users\jessica nahulan\documents\github\fractioncalculator\fraction_1jn8\fraction_1jn8\debug\.netframework,version=v4.5.2.assemblyattributes.obj
c:\users\jessica nahulan\documents\github\fractioncalculator\fraction_1jn8\fraction_1jn8\debug\.netframework,version=v4.5.2.assemblyattributes.asm
c:\users\jessica nahulan\documents\github\fractioncalculator\fractioncalculator_1jn8\debug\calculator.dll
c:\users\jessica nahulan\documents\github\fractioncalculator\fractioncalculator_1jn8\debug\calculator.pdb
c:\users\jessica nahulan\documents\github\fractioncalculator\fraction_1jn8\fraction_1jn8\debug\app.res
c:\users\jessica nahulan\documents\github\calculator\calculator\calculator\debug\fraction_1jn8.vcxprojresolveassemblyreference.cache
c:\users\jessica nahulan\documents\github\calculator\calculator\calculator\debug\.netframework,version=v4.5.2.assemblyattributes.obj
c:\users\jessica nahulan\documents\github\calculator\calculator\calculator\debug\assemblyinfo.obj
c:\users\jessica nahulan\documents\github\calculator\calculator\calculator\debug\calculator.obj
c:\users\jessica nahulan\documents\github\calculator\calculator\calculator\debug\fraction_1jn8.obj
c:\users\jessica nahulan\documents\github\calculator\calculator\calculator\debug\stdafx.obj
c:\users\jessica nahulan\documents\github\calculator\calculator\calculator\debug\app.res
c:\users\jessica nahulan\documents\github\calculator\calculator\calculator\debug\calculator.pch
c:\users\jessica nahulan\documents\github\calculator\calculator\calculator\debug\fraction_1jn8.pch
c:\users\jessica nahulan\documents\github\calculator\calculator\calculator\debug\vc140.pdb
c:\users\jessica nahulan\documents\github\calculator\calculator\calculator\debug\calculator.tlog\cl.command.1.tlog
c:\users\jessica nahulan\documents\github\calculator\calculator\calculator\debug\calculator.tlog\cl.read.1.tlog
c:\users\jessica nahulan\documents\github\calculator\calculator\calculator\debug\calculator.tlog\cl.write.1.tlog
c:\users\jessica nahulan\documents\github\calculator\calculator\calculator\debug\calculator.tlog\link.command.1.tlog
c:\users\jessica nahulan\documents\github\calculator\calculator\calculator\debug\calculator.tlog\link.read.1.tlog
c:\users\jessica nahulan\documents\github\calculator\calculator\calculator\debug\calculator.tlog\link.write.1.tlog
c:\users\jessica nahulan\documents\github\calculator\calculator\calculator\debug\calculator.tlog\metagen.read.1.tlog
c:\users\jessica nahulan\documents\github\calculator\calculator\calculator\debug\calculator.tlog\metagen.write.1.tlog
c:\users\jessica nahulan\documents\github\calculator\calculator\calculator\debug\calculator.tlog\rc.command.1.tlog
c:\users\jessica nahulan\documents\github\calculator\calculator\calculator\debug\calculator.tlog\rc.read.1.tlog
c:\users\jessica nahulan\documents\github\calculator\calculator\calculator\debug\calculator.tlog\rc.write.1.tlog
c:\users\jessica nahulan\documents\github\calculator\calculator\calculator\debug\calculator.tlog\tzres.dll.bi
